<?xml version="1.0" encoding="UTF-8"?>
<testsuite name="CICERO.AppTest" tests="1" skipped="0" failures="0" errors="0" timestamp="2022-01-31T16:33:25" hostname="LAPTOP-QUUB014C" time="0.002">
  <properties/>
  <testcase name="appHasAGreeting" classname="CICERO.AppTest" time="0.002"/>
  <system-out><![CDATA[]]></system-out>
  <system-err><![CDATA[]]></system-err>
</testsuite>
