<?xml version="1.0" encoding="UTF-8"?>
<testsuite name="CICERO.AppTest" tests="1" skipped="0" failures="0" errors="0" timestamp="2022-01-31T15:45:07" hostname="Alessios-MacBook-Pro.local" time="0.001">
  <properties/>
  <testcase name="appHasAGreeting" classname="CICERO.AppTest" time="0.001"/>
  <system-out><![CDATA[]]></system-out>
  <system-err><![CDATA[]]></system-err>
</testsuite>
